<?xml version="1.0" encoding="UTF-8"?>
<!-- Generated by org.testng.reporters.JUnitXMLReporter -->
<testsuite ignored="1" hostname="Rafies-MacBook-Air.local" failures="0" tests="5" name="Test2" time="0.038" errors="0" timestamp="2026-01-25T22:34:34 IST">
  <testcase classname="TestNG.TestNG.LoanDepartment" name="APILoginAutomobileLoan" time="0.008"/>
  <testcase classname="TestNG.TestNG.LoanDepartment" name="APILoginPersonalLoan" time="0.001"/>
  <testcase classname="TestNG.TestNG.LoanDepartment" name="MobileLoginAutomobileLoan" time="0.001"/>
  <testcase classname="TestNG.TestNG.LoanDepartment" name="MobileLoginPersonalLoan" time="0.001"/>
  <testcase classname="TestNG.TestNG.LoanDepartment" name="WebLoginAutomobileLoan" time="0.0"/>
  <testcase classname="TestNG.TestNG.LoanDepartment" name="WebLoginPersonalLoan" time="0.0">
    <ignored/>
  </testcase> <!-- WebLoginPersonalLoan -->
</testsuite> <!-- Test2 -->
