<?xml version="1.0" encoding="UTF-8"?>
<!-- Generated by org.testng.reporters.JUnitXMLReporter -->
<testsuite ignored="0" hostname="Rafies-MacBook-Air.local" failures="0" tests="8" name="Default test" time="0.046" errors="0" timestamp="2026-01-29T17:27:16 IST">
  <testcase classname="TestNG.TestNG.InvocationCountDemo" name="Testmethod1" time="0.008"/>
  <testcase classname="TestNG.TestNG.InvocationCountDemo" name="Testmethod1" time="0.001"/>
  <testcase classname="TestNG.TestNG.InvocationCountDemo" name="Testmethod1" time="0.001"/>
  <testcase classname="TestNG.TestNG.InvocationCountDemo" name="Testmethod1" time="0.001"/>
  <testcase classname="TestNG.TestNG.InvocationCountDemo" name="Testmethod1" time="0.0"/>
  <testcase classname="TestNG.TestNG.InvocationCountDemo" name="Testmethod2" time="0.001"/>
  <testcase classname="TestNG.TestNG.InvocationCountDemo" name="Testmethod2" time="0.001"/>
  <testcase classname="TestNG.TestNG.InvocationCountDemo" name="Testmethod2" time="0.0"/>
</testsuite> <!-- Default test -->
