<?xml version="1.0" encoding="UTF-8"?>
<!-- Generated by org.testng.reporters.JUnitXMLReporter -->
<testsuite ignored="0" hostname="Rafies-MacBook-Air.local" failures="0" tests="5" name="Sanity Testing" time="0.039" errors="0" timestamp="2026-01-28T21:28:32 IST">
  <testcase classname="BatchTesting.HomeScreenTest" name="LaunchTitle" time="0.008"/>
  <testcase classname="BatchTesting.HomeScreenTest" name="VerifyLogo" time="0.001"/>
  <testcase classname="BatchTesting.HomeScreenTest" name="VerifyTitle" time="0.001"/>
  <testcase classname="BatchTesting.LoginTest" name="LoginByEmail" time="0.001"/>
  <testcase classname="BatchTesting.LoginTest" name="LoginByMobileNumber" time="0.0"/>
</testsuite> <!-- Sanity Testing -->
