<?xml version="1.0" encoding="UTF-8"?>
<!-- Generated by org.testng.reporters.JUnitXMLReporter -->
<testsuite ignored="0" hostname="Rafies-MacBook-Air.local" failures="1" tests="3" name="Test" time="3.197" errors="0" timestamp="2026-01-27T20:29:29 IST">
  <testcase classname="TestNG.TestNG.ListenerDemo2" name="FailTest" time="0.009">
    <failure type="java.lang.AssertionError">
      <![CDATA[java.lang.AssertionError: 
at TestNG.TestNG.ListenerDemo2.FailTest(ListenerDemo2.java:35)
at java.base/java.util.ArrayList.forEach(ArrayList.java:1604)
... Removed 28 stack frames]]>
    </failure>
  </testcase> <!-- FailTest -->
  <testcase classname="TestNG.TestNG.ListenerDemo2" name="Listener" time="3.159"/>
  <testcase classname="TestNG.TestNG.ListenerDemo2" name="SkipTest" time="0.002">
    <skipped/>
  </testcase> <!-- SkipTest -->
</testsuite> <!-- Test -->
