<?xml version="1.0" encoding="UTF-8"?>
<!-- Generated by org.testng.reporters.JUnitXMLReporter -->
<testsuite ignored="0" hostname="Rafies-MacBook-Air.local" failures="0" tests="3" name="Test" time="9.849" errors="0" timestamp="2026-01-27T10:30:28 IST">
  <testcase classname="TestNG.TestNG.ParallelTestDemo1" name="VerifyLogo" time="5.153"/>
  <testcase classname="TestNG.TestNG.ParallelTestDemo2" name="LoginTest" time="5.303"/>
  <testcase classname="TestNG.TestNG.ParallelTestDemo1" name="VerifyTitle" time="4.666"/>
</testsuite> <!-- Test -->
