<?xml version="1.0" encoding="UTF-8"?>
<!-- Generated by org.testng.reporters.JUnitXMLReporter -->
<testsuite ignored="0" hostname="Rafies-MacBook-Air.local" failures="0" tests="5" name="Functional Testing" time="0.008" errors="0" timestamp="2026-01-28T21:28:32 IST">
  <testcase classname="BatchTesting.PaymentTest" name="CashOnDelivery" time="0.001"/>
  <testcase classname="BatchTesting.PaymentTest" name="NetBanking" time="0.0"/>
  <testcase classname="BatchTesting.ProductPageTest" name="AddProductToCart" time="0.001"/>
  <testcase classname="BatchTesting.ProductPageTest" name="AddProductToWishlist" time="0.0"/>
  <testcase classname="BatchTesting.ProductPageTest" name="SelectQuantity" time="0.0"/>
</testsuite> <!-- Functional Testing -->
