<?xml version="1.0" encoding="UTF-8"?>
<testng-results ignored="0" total="1" passed="1" failed="0" skipped="0">
  <reporter-output>
  </reporter-output>
  <suite started-at="2026-02-14T10:54:12 IST" name="Suite" finished-at="2026-02-14T10:54:17 IST" duration-ms="4542">
    <groups>
    </groups>
    <test started-at="2026-02-14T10:54:12 IST" name="Test" finished-at="2026-02-14T10:54:17 IST" duration-ms="4542">
      <class name="TestNGReportDemo.TestNGReportEx2">
        <test-method signature="GoogleSearch()[pri:0, instance:TestNGReportDemo.TestNGReportEx2@c267ef4]" started-at="2026-02-14T10:54:12 IST" name="GoogleSearch" finished-at="2026-02-14T10:54:17 IST" duration-ms="4509" status="PASS">
          <reporter-output>
          </reporter-output>
        </test-method> <!-- GoogleSearch -->
      </class> <!-- TestNGReportDemo.TestNGReportEx2 -->
    </test> <!-- Test -->
  </suite> <!-- Suite -->
</testng-results>
