<?xml version="1.0" encoding="UTF-8"?>
<!-- Generated by org.testng.reporters.JUnitReportReporter -->
<testsuite hostname="Rafies-MacBook-Air.local" failures="0" tests="3" name="TestNG.TestNG.GroupAttribute" time="0.011" errors="0" timestamp="2026-01-26T16:34:23 IST" skipped="0">
  <testcase classname="TestNG.TestNG.GroupAttribute" name="Infosys" time="0.001"/>
  <testcase classname="TestNG.TestNG.GroupAttribute" name="HCL" time="0.009"/>
  <testcase classname="TestNG.TestNG.GroupAttribute" name="Wipro" time="0.001"/>
</testsuite> <!-- TestNG.TestNG.GroupAttribute -->
