<?xml version="1.0" encoding="UTF-8"?>
<!-- Generated by org.testng.reporters.JUnitReportReporter -->
<testsuite hostname="Rafies-MacBook-Air.local" failures="0" tests="3" name="BatchTesting.HomeScreenTest" time="0.010" errors="0" timestamp="2026-01-28T21:28:33 IST" skipped="0">
  <testcase classname="BatchTesting.HomeScreenTest" name="LaunchTitle" time="0.008"/>
  <testcase classname="BatchTesting.HomeScreenTest" name="VerifyLogo" time="0.001"/>
  <testcase classname="BatchTesting.HomeScreenTest" name="VerifyTitle" time="0.001"/>
</testsuite> <!-- BatchTesting.HomeScreenTest -->
