<?xml version="1.0" encoding="UTF-8"?>
<!-- Generated by org.testng.reporters.JUnitReportReporter -->
<testsuite hostname="Rafies-MacBook-Air.local" failures="0" tests="2" name="TestNG.TestNG.DataProviderWithExcel" time="22.856" errors="0" timestamp="2026-02-11T21:27:41 IST" skipped="0">
  <testcase classname="TestNG.TestNG.DataProviderWithExcel" name="searchKeyWord" time="2.640"/>
  <testcase classname="TestNG.TestNG.DataProviderWithExcel" name="searchKeyWord" time="20.216"/>
</testsuite> <!-- TestNG.TestNG.DataProviderWithExcel -->
