<?xml version="1.0" encoding="UTF-8"?>
<!-- Generated by org.testng.reporters.JUnitReportReporter -->
<testsuite hostname="Rafies-MacBook-Air.local" failures="0" tests="2" name="TestNG.TestNG.DataProviderWithExcel" time="20.317" errors="0" timestamp="2026-02-14T09:59:06 IST" skipped="0">
  <testcase classname="TestNG.TestNG.DataProviderWithExcel" name="searchKeyWord" time="2.781"/>
  <testcase classname="TestNG.TestNG.DataProviderWithExcel" name="searchKeyWord" time="17.536"/>
</testsuite> <!-- TestNG.TestNG.DataProviderWithExcel -->
