<?xml version="1.0" encoding="UTF-8"?>
<!-- Generated by org.testng.reporters.JUnitReportReporter -->
<testsuite hostname="Rafies-MacBook-Air.local" failures="0" tests="2" name="TestNG.TestNG.TestNGParameterGoogleSearch" time="9.460" errors="0" timestamp="2026-01-26T20:27:37 IST" skipped="0">
  <testcase classname="TestNG.TestNG.TestNGParameterGoogleSearch" name="googleSearch" time="4.259"/>
  <testcase classname="TestNG.TestNG.TestNGParameterGoogleSearch" name="googleSearch" time="5.201"/>
</testsuite> <!-- TestNG.TestNG.TestNGParameterGoogleSearch -->
