<?xml version="1.0" encoding="UTF-8"?>
<!-- Generated by org.testng.reporters.JUnitReportReporter -->
<testsuite hostname="Rafies-MacBook-Air.local" failures="0" tests="2" name="TestNG.TestNG.ParallelTestDemo1" time="9.819" errors="0" timestamp="2026-01-27T10:30:28 IST" skipped="0">
  <testcase classname="TestNG.TestNG.ParallelTestDemo1" name="VerifyTitle" time="4.666"/>
  <testcase classname="TestNG.TestNG.ParallelTestDemo1" name="VerifyLogo" time="5.153"/>
</testsuite> <!-- TestNG.TestNG.ParallelTestDemo1 -->
