<?xml version="1.0" encoding="UTF-8"?>
<!-- Generated by org.testng.reporters.JUnitReportReporter -->
<testsuite hostname="Rafies-MacBook-Air.local" failures="0" tests="8" name="TestNG.TestNG.InvocationCountDemo" time="0.013" errors="0" timestamp="2026-01-29T17:27:16 IST" skipped="0">
  <testcase classname="TestNG.TestNG.InvocationCountDemo" name="Testmethod1" time="0.008"/>
  <testcase classname="TestNG.TestNG.InvocationCountDemo" name="Testmethod2" time="0.001"/>
  <testcase classname="TestNG.TestNG.InvocationCountDemo" name="Testmethod2" time="0.000"/>
  <testcase classname="TestNG.TestNG.InvocationCountDemo" name="Testmethod1" time="0.001"/>
  <testcase classname="TestNG.TestNG.InvocationCountDemo" name="Testmethod1" time="0.000"/>
  <testcase classname="TestNG.TestNG.InvocationCountDemo" name="Testmethod1" time="0.001"/>
  <testcase classname="TestNG.TestNG.InvocationCountDemo" name="Testmethod2" time="0.001"/>
  <testcase classname="TestNG.TestNG.InvocationCountDemo" name="Testmethod1" time="0.001"/>
</testsuite> <!-- TestNG.TestNG.InvocationCountDemo -->
