<?xml version="1.0" encoding="UTF-8"?>
<!-- Generated by org.testng.reporters.JUnitReportReporter -->
<testsuite hostname="Rafies-MacBook-Air.local" failures="0" tests="3" name="BatchTesting.ProductPageTest" time="0.001" errors="0" timestamp="2026-01-28T21:28:33 IST" skipped="0">
  <testcase classname="BatchTesting.ProductPageTest" name="AddProductToWishlist" time="0.000"/>
  <testcase classname="BatchTesting.ProductPageTest" name="SelectQuantity" time="0.000"/>
  <testcase classname="BatchTesting.ProductPageTest" name="AddProductToCart" time="0.001"/>
</testsuite> <!-- BatchTesting.ProductPageTest -->
