<?xml version="1.0" encoding="UTF-8"?>
<!-- Generated by org.testng.reporters.JUnitReportReporter -->
<testsuite hostname="Rafies-MacBook-Air.local" failures="0" tests="3" name="TestNG.TestNG.DataProviderDemo" time="11.911" errors="0" timestamp="2026-01-26T23:12:48 IST" skipped="0">
  <testcase classname="TestNG.TestNG.DataProviderDemo" name="testCaseGoogleSearch" time="3.937"/>
  <testcase classname="TestNG.TestNG.DataProviderDemo" name="testCaseGoogleSearch" time="4.866"/>
  <testcase classname="TestNG.TestNG.DataProviderDemo" name="testCaseGoogleSearch" time="3.108"/>
</testsuite> <!-- TestNG.TestNG.DataProviderDemo -->
