<?xml version="1.0" encoding="UTF-8"?>
<!-- Generated by org.testng.reporters.JUnitReportReporter -->
<testsuite hostname="Rafies-MacBook-Air.local" failures="0" tests="1" name="TestNGReportDemo.TestNGReportEx2" time="6.184" errors="0" timestamp="2026-02-17T11:10:09 IST" skipped="0">
  <testcase classname="TestNGReportDemo.TestNGReportEx2" name="GoogleSearch" time="6.184">
    <system-out>
      <![CDATA[Chrome broowser Opened
URL Opened
India Gate Keyword]]>
    </system-out>
  </testcase> <!-- GoogleSearch -->
  <system-out>
    <![CDATA[Chrome broowser Opened
URL Opened
India Gate Keyword]]>
  </system-out>
</testsuite> <!-- TestNGReportDemo.TestNGReportEx2 -->
