<?xml version="1.0" encoding="UTF-8"?>
<!-- Generated by org.testng.reporters.JUnitReportReporter -->
<testsuite hostname="Rafies-MacBook-Air.local" failures="0" tests="3" name="TestNG.TestNG.TestNGParameterDemo" time="0.013" errors="0" timestamp="2026-01-26T16:34:05 IST" skipped="0">
  <testcase classname="TestNG.TestNG.TestNGParameterDemo" name="Multiply" time="0.011"/>
  <testcase classname="TestNG.TestNG.TestNGParameterDemo" name="Subtract" time="0.001"/>
  <testcase classname="TestNG.TestNG.TestNGParameterDemo" name="add" time="0.001"/>
</testsuite> <!-- TestNG.TestNG.TestNGParameterDemo -->
