<?xml version="1.0" encoding="UTF-8"?>
<!-- Generated by org.testng.reporters.JUnitReportReporter -->
<testsuite hostname="Rafies-MacBook-Air.local" failures="0" tests="6" name="TestNG.TestNG.LoanDepartment" time="0.009" errors="0" timestamp="2026-01-25T23:08:10 IST" skipped="0">
  <testcase classname="TestNG.TestNG.LoanDepartment" name="MobileLoginAutomobileLoan" time="0.000"/>
  <testcase classname="TestNG.TestNG.LoanDepartment" name="APILoginPersonalLoan" time="0.002"/>
  <testcase classname="TestNG.TestNG.LoanDepartment" name="WebLoginAutomobileLoan" time="0.001"/>
  <testcase classname="TestNG.TestNG.LoanDepartment" name="APILoginAutomobileLoan" time="0.005"/>
  <testcase classname="TestNG.TestNG.LoanDepartment" name="MobileLoginPersonalLoan" time="0.001"/>
  <testcase classname="TestNG.TestNG.LoanDepartment" name="WebLoginPersonalLoan" time="0.000"/>
</testsuite> <!-- TestNG.TestNG.LoanDepartment -->
