<?xml version="1.0" encoding="UTF-8"?>
<!-- Generated by org.testng.reporters.JUnitReportReporter -->
<testsuite hostname="Rafies-MacBook-Air.local" failures="0" tests="4" name="TestNGReportDemo.TestNGReportsExample" time="0.011" errors="0" timestamp="2026-02-14T10:38:52 IST" skipped="0">
  <testcase classname="TestNGReportDemo.TestNGReportsExample" name="testmethod1" time="0.008"/>
  <testcase classname="TestNGReportDemo.TestNGReportsExample" name="testmethod2" time="0.001"/>
  <testcase classname="TestNGReportDemo.TestNGReportsExample" name="testmethod3" time="0.001"/>
  <testcase classname="TestNGReportDemo.TestNGReportsExample" name="testmethod4" time="0.001"/>
</testsuite> <!-- TestNGReportDemo.TestNGReportsExample -->
